SF:lib\src\data_api.dart
DA:22,1
DA:67,1
DA:72,2
DA:73,1
DA:76,1
DA:77,2
DA:78,1
DA:80,2
DA:82,2
DA:85,3
DA:86,1
DA:88,3
DA:112,1
DA:117,2
DA:118,1
DA:121,1
DA:122,2
DA:123,1
DA:125,2
DA:126,1
DA:129,3
DA:130,1
DA:132,3
DA:160,1
DA:167,3
DA:169,4
DA:172,1
DA:173,2
DA:174,1
DA:175,3
DA:176,4
DA:177,3
DA:178,1
DA:179,8
DA:181,2
DA:185,3
DA:186,1
DA:188,3
DA:192,1
DA:193,2
DA:195,1
DA:196,2
DA:227,1
DA:233,2
DA:234,1
DA:237,1
DA:238,2
DA:239,1
DA:241,2
DA:242,1
DA:243,2
DA:246,3
DA:247,1
DA:249,3
DA:273,1
DA:275,2
DA:276,1
DA:280,1
DA:281,2
DA:282,1
DA:284,2
DA:285,1
DA:288,3
DA:291,0
DA:296,0
DA:299,0
DA:304,0
LF:67
LH:63
end_of_record
